This is e-pTeX, Version 3.141592653-p3.9.0-210218-2.6 (utf8.euc) (TeX Live 2021) (preloaded format=platex 2022.2.2)  24 FEB 2023 10:46
entering extended mode
 restricted \write18 enabled.
 file:line:error style messages enabled.
 %&-line parsing enabled.
**MasterThesis.tex
(./MasterThesis.tex
pLaTeX2e <2020-10-01>+2 (based on LaTeX2e <2020-10-01> patch level 4)
L3 programming layer <2021-02-18>
(/usr/local/texlive/2021/texmf-dist/tex/platex/jsclasses/jsbook.cls
Document Class: jsbook 2020/10/09 jsclasses (okumura, texjporg)
\jsc@mpt=\dimen154
\jsc@mmm=\dimen155
\jsc@smallskipamount=\skip47
LaTeX Info: Redefining \textmc on input line 502.
LaTeX Info: Redefining \textgt on input line 504.
\symmincho=\mathgroup4
LaTeX Font Info:    Overwriting symbol font `mincho' in version `bold'
(Font)                  JY1/mc/m/n --> JY1/gt/m/n on input line 566.
LaTeX Font Info:    Font shape `JT1/mc/m/n' will be
(Font)              scaled to size 9.60999pt on input line 760.
LaTeX Font Info:    Font shape `JY1/mc/m/n' will be
(Font)              scaled to size 9.60999pt on input line 760.
\fullwidth=\dimen156
LaTeX Font Info:    Font shape `JT1/mc/m/n' will be
(Font)              scaled to size 7.68799pt on input line 921.
LaTeX Font Info:    Font shape `JY1/mc/m/n' will be
(Font)              scaled to size 7.68799pt on input line 921.
\c@part=\count178
\c@chapter=\count179
\c@section=\count180
\c@subsection=\count181
\c@subsubsection=\count182
\c@paragraph=\count183
\c@subparagraph=\count184
\c@figure=\count185
\c@table=\count186
\abovecaptionskip=\skip48
\belowcaptionskip=\skip49
\jsc@tocl@width=\dimen157
\@lnumwidth=\dimen158
\bibindent=\dimen159
(/usr/local/texlive/2021/texmf-dist/tex/platex/jsclasses/jslogo.sty
Package: jslogo 2019/07/25 okumura, texjporg
LaTeX Info: Redefining \TeX on input line 82.
LaTeX Info: Redefining \LaTeX on input line 135.
LaTeX Info: Redefining \LaTeXe on input line 188.
)
\heisei=\count187
)
(/usr/local/texlive/2021/texmf-dist/tex/latex/graphics/graphicx.sty
Package: graphicx 2020/09/09 v1.2b Enhanced LaTeX Graphics (DPC,SPQR)

(/usr/local/texlive/2021/texmf-dist/tex/latex/graphics/keyval.sty
Package: keyval 2014/10/28 v1.15 key=value parser (DPC)
\KV@toks@=\toks16
)
(/usr/local/texlive/2021/texmf-dist/tex/latex/graphics/graphics.sty
Package: graphics 2020/08/30 v1.4c Standard LaTeX Graphics (DPC,SPQR)

(/usr/local/texlive/2021/texmf-dist/tex/latex/graphics/trig.sty
Package: trig 2016/01/03 v1.10 sin cos tan (DPC)
)
(/usr/local/texlive/2021/texmf-dist/tex/latex/graphics-cfg/graphics.cfg
File: graphics.cfg 2016/06/04 v1.11 sample graphics configuration
)
Package graphics Info: Driver file: dvipdfmx.def on input line 105.

(/usr/local/texlive/2021/texmf-dist/tex/latex/graphics-def/dvipdfmx.def
File: dvipdfmx.def 2021/03/18 v5.0j Graphics/color driver for dvipdfmx
))
\Gin@req@height=\dimen160
\Gin@req@width=\dimen161
)
(/usr/local/texlive/2021/texmf-dist/tex/latex/geometry/geometry.sty
Package: geometry 2020/01/02 v5.9 Page Geometry

(/usr/local/texlive/2021/texmf-dist/tex/generic/iftex/ifvtex.sty
Package: ifvtex 2019/10/25 v1.7 ifvtex legacy package. Use iftex instead.

(/usr/local/texlive/2021/texmf-dist/tex/generic/iftex/iftex.sty
Package: iftex 2020/03/06 v1.0d TeX engine tests
))
\Gm@cnth=\count188
\Gm@cntv=\count189
\c@Gm@tempcnt=\count190
\Gm@bindingoffset=\dimen162
\Gm@wd@mp=\dimen163
\Gm@odd@mp=\dimen164
\Gm@even@mp=\dimen165
\Gm@layoutwidth=\dimen166
\Gm@layoutheight=\dimen167
\Gm@layouthoffset=\dimen168
\Gm@layoutvoffset=\dimen169
\Gm@dimlist=\toks17
)
(/usr/local/texlive/2021/texmf-dist/tex/latex/amsmath/amsmath.sty
Package: amsmath 2020/09/23 v2.17i AMS math features
\@mathmargin=\skip50

For additional information on amsmath, use the `?' option.
(/usr/local/texlive/2021/texmf-dist/tex/latex/amsmath/amstext.sty
Package: amstext 2000/06/29 v2.01 AMS text

(/usr/local/texlive/2021/texmf-dist/tex/latex/amsmath/amsgen.sty
File: amsgen.sty 1999/11/30 v2.0 generic functions
\@emptytoks=\toks18
\ex@=\dimen170
))
(/usr/local/texlive/2021/texmf-dist/tex/latex/amsmath/amsbsy.sty
Package: amsbsy 1999/11/29 v1.2d Bold Symbols
\pmbraise@=\dimen171
)
(/usr/local/texlive/2021/texmf-dist/tex/latex/amsmath/amsopn.sty
Package: amsopn 2016/03/08 v2.02 operator names
)
\inf@bad=\count191
LaTeX Info: Redefining \frac on input line 234.
\uproot@=\count192
\leftroot@=\count193
LaTeX Info: Redefining \overline on input line 399.
\classnum@=\count194
\DOTSCASE@=\count195
LaTeX Info: Redefining \ldots on input line 496.
LaTeX Info: Redefining \dots on input line 499.
LaTeX Info: Redefining \cdots on input line 620.
\Mathstrutbox@=\box64
\strutbox@=\box65
\big@size=\dimen172
LaTeX Font Info:    Redeclaring font encoding OML on input line 743.
LaTeX Font Info:    Redeclaring font encoding OMS on input line 744.
\macc@depth=\count196
\c@MaxMatrixCols=\count197
\dotsspace@=\muskip16
\c@parentequation=\count198
\dspbrk@lvl=\count199
\tag@help=\toks19
\row@=\count266
\column@=\count267
\maxfields@=\count268
\andhelp@=\toks20
\eqnshift@=\dimen173
\alignsep@=\dimen174
\tagshift@=\dimen175
\tagwidth@=\dimen176
\totwidth@=\dimen177
\lineht@=\dimen178
\@envbody=\toks21
\multlinegap=\skip51
\multlinetaggap=\skip52
\mathdisplay@stack=\toks22
LaTeX Info: Redefining \[ on input line 2923.
LaTeX Info: Redefining \] on input line 2924.
)
(/usr/local/texlive/2021/texmf-dist/tex/latex/amsfonts/amssymb.sty
Package: amssymb 2013/01/14 v3.01 AMS font symbols

(/usr/local/texlive/2021/texmf-dist/tex/latex/amsfonts/amsfonts.sty
Package: amsfonts 2013/01/14 v3.01 Basic AMSFonts support
\symAMSa=\mathgroup5
\symAMSb=\mathgroup6
LaTeX Font Info:    Redeclaring math symbol \hbar on input line 98.
LaTeX Font Info:    Overwriting math alphabet `\mathfrak' in version `bold'
(Font)                  U/euf/m/n --> U/euf/b/n on input line 106.
))
(/usr/local/texlive/2021/texmf-dist/tex/latex/fancyhdr/fancyhdr.sty
Package: fancyhdr 2021/01/28 v4.0.1 Extensive control of page headers and foote
rs
\f@nch@headwidth=\skip53
\f@nch@O@elh=\skip54
\f@nch@O@erh=\skip55
\f@nch@O@olh=\skip56
\f@nch@O@orh=\skip57
\f@nch@O@elf=\skip58
\f@nch@O@erf=\skip59
\f@nch@O@olf=\skip60
\f@nch@O@orf=\skip61
)
(/usr/local/texlive/2021/texmf-dist/tex/latex/float/float.sty
Package: float 2001/11/08 v1.3d Float enhancements (AL)
\c@float@type=\count269
\float@exts=\toks23
\float@box=\box66
\@float@everytoks=\toks24
\@floatcapt=\box67
)
(/usr/local/texlive/2021/texmf-dist/tex/latex/cancel/cancel.sty
Package: cancel 2013/04/12 v2.2 Cancel math terms
)
(/usr/local/texlive/2021/texmf-dist/tex/latex/hyperref/hyperref.sty
Package: hyperref 2021-02-27 v7.00k Hypertext links for LaTeX

(/usr/local/texlive/2021/texmf-dist/tex/generic/ltxcmds/ltxcmds.sty
Package: ltxcmds 2020-05-10 v1.25 LaTeX kernel commands for general use (HO)
)
(/usr/local/texlive/2021/texmf-dist/tex/generic/pdftexcmds/pdftexcmds.sty
Package: pdftexcmds 2020-06-27 v0.33 Utility functions of pdfTeX for LuaTeX (HO
)

(/usr/local/texlive/2021/texmf-dist/tex/generic/infwarerr/infwarerr.sty
Package: infwarerr 2019/12/03 v1.5 Providing info/warning/error messages (HO)
)
Package pdftexcmds Info: \pdf@primitive is available.
Package pdftexcmds Info: \pdf@ifprimitive is available.
Package pdftexcmds Info: \pdfdraftmode not found.
)
(/usr/local/texlive/2021/texmf-dist/tex/generic/kvsetkeys/kvsetkeys.sty
Package: kvsetkeys 2019/12/15 v1.18 Key value parser (HO)
)
(/usr/local/texlive/2021/texmf-dist/tex/generic/kvdefinekeys/kvdefinekeys.sty
Package: kvdefinekeys 2019-12-19 v1.6 Define keys (HO)
)
(/usr/local/texlive/2021/texmf-dist/tex/generic/pdfescape/pdfescape.sty
Package: pdfescape 2019/12/09 v1.15 Implements pdfTeX's escape features (HO)
)
(/usr/local/texlive/2021/texmf-dist/tex/latex/hycolor/hycolor.sty
Package: hycolor 2020-01-27 v1.10 Color options for hyperref/bookmark (HO)
)
(/usr/local/texlive/2021/texmf-dist/tex/latex/letltxmacro/letltxmacro.sty
Package: letltxmacro 2019/12/03 v1.6 Let assignment for LaTeX macros (HO)
)
(/usr/local/texlive/2021/texmf-dist/tex/latex/auxhook/auxhook.sty
Package: auxhook 2019-12-17 v1.6 Hooks for auxiliary files (HO)
)
(/usr/local/texlive/2021/texmf-dist/tex/latex/kvoptions/kvoptions.sty
Package: kvoptions 2020-10-07 v3.14 Key value format for package options (HO)
)
\@linkdim=\dimen179
\Hy@linkcounter=\count270
\Hy@pagecounter=\count271

(/usr/local/texlive/2021/texmf-dist/tex/latex/hyperref/pd1enc.def
File: pd1enc.def 2021-02-27 v7.00k Hyperref: PDFDocEncoding definition (HO)
Now handling font encoding PD1 ...
... no UTF-8 mapping file for font encoding PD1
)
(/usr/local/texlive/2021/texmf-dist/tex/latex/hyperref/hyperref-langpatches.def
File: hyperref-langpatches.def 2021-02-27 v7.00k Hyperref: patches for babel la
nguages
) (/usr/local/texlive/2021/texmf-dist/tex/generic/intcalc/intcalc.sty
Package: intcalc 2019/12/15 v1.3 Expandable calculations with integers (HO)
)
(/usr/local/texlive/2021/texmf-dist/tex/generic/etexcmds/etexcmds.sty
Package: etexcmds 2019/12/15 v1.7 Avoid name clashes with e-TeX commands (HO)
)
\Hy@SavedSpaceFactor=\count272

(/usr/local/texlive/2021/texmf-dist/tex/latex/hyperref/puenc.def
File: puenc.def 2021-02-27 v7.00k Hyperref: PDF Unicode definition (HO)
Now handling font encoding PU ...
... no UTF-8 mapping file for font encoding PU
)
Package hyperref Info: Option `bookmarks' set `true' on input line 4073.
Package hyperref Info: Option `bookmarksnumbered' set `false' on input line 407
3.
Package hyperref Info: Option `bookmarksopen' set `true' on input line 4073.
Package hyperref Info: Option `colorlinks' set `false' on input line 4073.
Package hyperref Info: Hyper figures OFF on input line 4192.
Package hyperref Info: Link nesting OFF on input line 4197.
Package hyperref Info: Hyper index ON on input line 4200.
Package hyperref Info: Plain pages OFF on input line 4207.
Package hyperref Info: Backreferencing OFF on input line 4212.
Package hyperref Info: Implicit mode ON; LaTeX internals redefined.
Package hyperref Info: Bookmarks ON on input line 4445.
\c@Hy@tempcnt=\count273

(/usr/local/texlive/2021/texmf-dist/tex/latex/url/url.sty
\Urlmuskip=\muskip17
Package: url 2013/09/16  ver 3.4  Verb mode for urls, etc.
)
LaTeX Info: Redefining \url on input line 4804.
\XeTeXLinkMargin=\dimen180

(/usr/local/texlive/2021/texmf-dist/tex/generic/bitset/bitset.sty
Package: bitset 2019/12/09 v1.3 Handle bit-vector datatype (HO)

(/usr/local/texlive/2021/texmf-dist/tex/generic/bigintcalc/bigintcalc.sty
Package: bigintcalc 2019/12/15 v1.5 Expandable calculations on big integers (HO
)
))
\Fld@menulength=\count274
\Field@Width=\dimen181
\Fld@charsize=\dimen182
Package hyperref Info: Hyper figures OFF on input line 6075.
Package hyperref Info: Link nesting OFF on input line 6080.
Package hyperref Info: Hyper index ON on input line 6083.
Package hyperref Info: backreferencing OFF on input line 6090.
Package hyperref Info: Link coloring OFF on input line 6095.
Package hyperref Info: Link coloring with OCG OFF on input line 6100.
Package hyperref Info: PDF/A mode OFF on input line 6105.
LaTeX Info: Redefining \ref on input line 6145.
LaTeX Info: Redefining \pageref on input line 6149.

(/usr/local/texlive/2021/texmf-dist/tex/latex/base/atbegshi-ltx.sty
Package: atbegshi-ltx 2020/08/17 v1.0a Emulation of the original atbegshi packa
ge
with kernel methods
)
\Hy@abspage=\count275
\c@Item=\count276
\c@Hfootnote=\count277
)
Package hyperref Info: Driver: hdvipdfm.

(/usr/local/texlive/2021/texmf-dist/tex/latex/hyperref/hdvipdfm.def
File: hdvipdfm.def 2021-02-27 v7.00k Hyperref driver for dvipdfm
\pdfm@box=\box68
\c@Hy@AnnotLevel=\count278
\HyField@AnnotCount=\count279
\Fld@listcount=\count280
\c@bookmark@seq@number=\count281

(/usr/local/texlive/2021/texmf-dist/tex/latex/rerunfilecheck/rerunfilecheck.sty
Package: rerunfilecheck 2019/12/05 v1.9 Rerun checks for auxiliary files (HO)
(/usr/local/texlive/2021/texmf-dist/tex/latex/base/atveryend-ltx.sty
Package: atveryend-ltx 2020/08/19 v1.0a Emulation of the original atvery packag
e
with kernel methods
)
(/usr/local/texlive/2021/texmf-dist/tex/generic/uniquecounter/uniquecounter.sty
Package: uniquecounter 2019/12/15 v1.4 Provide unlimited unique counter (HO)
)
Package uniquecounter Info: New unique counter `rerunfilecheck' on input line 2
86.
)
\Hy@SectionHShift=\skip62
) (/usr/local/texlive/2021/texmf-dist/tex/latex/tools/dcolumn.sty
Package: dcolumn 2014/10/28 v1.06 decimal alignment package (DPC)

(/usr/local/texlive/2021/texmf-dist/tex/latex/tools/array.sty
Package: array 2020/10/01 v2.5c Tabular extension package (FMi)
\col@sep=\dimen183
\ar@mcellbox=\box69
\extrarowheight=\dimen184
\NC@list=\toks25
\extratabsurround=\skip63
\backup@length=\skip64
\ar@cellbox=\box70
))
(/usr/local/texlive/2021/texmf-dist/tex/latex/mathcomp/mathcomp.sty
Package: mathcomp 2001/01/07 v0.1f (TBo)

(/usr/local/texlive/2021/texmf-dist/tex/latex/base/textcomp.sty
Package: textcomp 2020/02/02 v2.0n Standard LaTeX package
)
\symTC=\mathgroup7
LaTeX Font Info:    Overwriting symbol font `TC' in version `bold'
(Font)                  TS1/cmr/m/n --> TS1/cmr/bx/n on input line 25.
LaTeX Font Info:    Redeclaring math symbol \dagger on input line 47.
LaTeX Font Info:    Redeclaring math symbol \ddagger on input line 48.
)
(/usr/local/texlive/2021/texmf-dist/tex/latex/caption/subcaption.sty
Package: subcaption 2020/10/07 v1.3j Sub-captions (AR)

(/usr/local/texlive/2021/texmf-dist/tex/latex/caption/caption.sty
Package: caption 2020/10/26 v3.5g Customizing captions (AR)

(/usr/local/texlive/2021/texmf-dist/tex/latex/caption/caption3.sty
Package: caption3 2020/10/21 v2.2e caption3 kernel (AR)
\captionmargin=\dimen185
\captionmargin@=\dimen186
\captionwidth=\dimen187
\caption@tempdima=\dimen188
\caption@indent=\dimen189
\caption@parindent=\dimen190
\caption@hangindent=\dimen191
Package caption Info: Unknown document class (or package),
(caption)             standard defaults will be used.
Package caption Info: \@makecaption = \long macro:#1#2->{\small \advance \lefts
kip .0628\linewidth \advance \rightskip .0628\linewidth \vskip \abovecaptionski
p \sbox \@tempboxa {#1\hskip 1zw\relax #2}\ifdim \wd \@tempboxa <\hsize \center
ing \fi #1{\hskip 1zw\relax }#2\par \vskip \belowcaptionskip } on input line 11
39.
)

Package caption Warning: Unknown document class (or package),
(caption)                standard defaults will be used.
See the caption package documentation for explanation.

\c@caption@flags=\count282
\c@continuedfloat=\count283
Package caption Info: float package is loaded.
Package caption Info: hyperref package is loaded.
)
\c@subfigure=\count284
\c@subtable=\count285
) (/usr/local/texlive/2021/texmf-dist/tex/latex/comment/comment.sty
\CommentStream=\write3

Excluding comment 'comment')
(/usr/local/texlive/2021/texmf-dist/tex/latex/siunitx/siunitx.sty
(/usr/local/texlive/2021/texmf-dist/tex/latex/l3kernel/expl3.sty
Package: expl3 2021-02-18 L3 programming layer (loader) 

(/usr/local/texlive/2021/texmf-dist/tex/latex/l3backend/l3backend-dvips.def
File: l3backend-dvips.def 2021-03-18 L3 backend support: dvips
\l__pdf_internal_box=\box71
\g__pdf_backend_object_int=\count286
\l__pdf_backend_content_box=\box72
\l__pdf_backend_model_box=\box73
\g__pdf_backend_annotation_int=\count287
\g__pdf_backend_link_int=\count288
\g__pdf_backend_link_sf_int=\count289
))
(/usr/local/texlive/2021/texmf-dist/tex/latex/l3packages/xparse/xparse.sty
(/usr/local/texlive/2021/texmf-dist/tex/latex/l3packages/xparse/xparse-2020-10-
01.sty
(/usr/local/texlive/2021/texmf-dist/tex/latex/l3packages/xparse/xparse-generic.
tex)))
Package: siunitx 2020/02/25 v2.8b A comprehensive (SI) units package

(/usr/local/texlive/2021/texmf-dist/tex/latex/l3packages/l3keys2e/l3keys2e.sty
Package: l3keys2e 2021-03-12 LaTeX2e option processing using LaTeX3 keys
)
\l__siunitx_tmp_box=\box74
\l__siunitx_tmp_dim=\dimen192
\l__siunitx_tmp_int=\count290
\l__siunitx_number_mantissa_length_int=\count291
\l__siunitx_number_uncert_length_int=\count292
\l__siunitx_round_int=\count293
\l__siunitx_process_decimal_int=\count294
\l__siunitx_process_uncertainty_int=\count295
\l__siunitx_process_fixed_int=\count296
\l__siunitx_process_integer_min_int=\count297
\l__siunitx_process_precision_int=\count298
\l__siunitx_group_min_int=\count299
\l__siunitx_angle_marker_box=\box75
\l__siunitx_angle_unit_box=\box76
\l__siunitx_angle_marker_dim=\dimen193
\l__siunitx_angle_unit_dim=\dimen194
\l__siunitx_unit_int=\count300
\l__siunitx_unit_denominator_int=\count301
\l__siunitx_unit_numerator_int=\count302
\l__siunitx_unit_prefix_int=\count303
\l__siunitx_unit_prefix_base_int=\count304
\l__siunitx_unit_prefix_gram_int=\count305
\l__siunitx_number_product_int=\count306
\c__siunitx_one_fill_skip=\skip65
\l__siunitx_table_unit_align_skip=\skip66
\l__siunitx_table_exponent_dim=\dimen195
\l__siunitx_table_integer_dim=\dimen196
\l__siunitx_table_mantissa_dim=\dimen197
\l__siunitx_table_marker_dim=\dimen198
\l__siunitx_table_result_dim=\dimen199
\l__siunitx_table_uncert_dim=\dimen256
\l__siunitx_table_fill_pre_dim=\dimen257
\l__siunitx_table_fill_post_dim=\dimen258
\l__siunitx_table_fill_mid_dim=\dimen259
\l__siunitx_table_pre_box=\box77
\l__siunitx_table_post_box=\box78
\l__siunitx_table_mantissa_box=\box79
\l__siunitx_table_result_box=\box80
\l__siunitx_table_number_align_skip=\skip67
\l__siunitx_table_text_align_skip=\skip68
(/usr/local/texlive/2021/texmf-dist/tex/latex/translator/translator.sty
Package: translator 2020-08-03 v1.12c Easy translation of strings in LaTeX
))
(./MasterThesis.aux (./Chapter/Abstract.aux) (./Chapter/Introduction.aux)
(./Chapter/EcalDetector.aux) (./Chapter/DeepLearning.aux

LaTeX Warning: Label `sec:DeepLearning' multiply defined.

) (./Chapter/DLAnalysis.aux

LaTeX Warning: Label `DPG_res_a' multiply defined.


LaTeX Warning: Label `sub@DPG_res_a' multiply defined.


LaTeX Warning: Label `DPG_res_b' multiply defined.


LaTeX Warning: Label `sub@DPG_res_b' multiply defined.


LaTeX Warning: Label `fig:sfig1' multiply defined.


LaTeX Warning: Label `sub@fig:sfig1' multiply defined.


LaTeX Warning: Label `fig:sfig2' multiply defined.


LaTeX Warning: Label `sub@fig:sfig2' multiply defined.


LaTeX Warning: Label `fig:sfig2' multiply defined.


LaTeX Warning: Label `sub@fig:sfig2' multiply defined.


LaTeX Warning: Label `fig:sfig2' multiply defined.


LaTeX Warning: Label `sub@fig:sfig2' multiply defined.


LaTeX Warning: Label `fig:sfig2' multiply defined.


LaTeX Warning: Label `sub@fig:sfig2' multiply defined.

) (./Chapter/EBES.aux

LaTeX Warning: Label `fig:sfig1' multiply defined.


LaTeX Warning: Label `sub@fig:sfig1' multiply defined.


LaTeX Warning: Label `fig:sfig2' multiply defined.


LaTeX Warning: Label `sub@fig:sfig2' multiply defined.

) (./Chapter/EBESAnalysis.aux

LaTeX Warning: Label `fig:sfig1' multiply defined.


LaTeX Warning: Label `sub@fig:sfig1' multiply defined.


LaTeX Warning: Label `fig:sfig2' multiply defined.


LaTeX Warning: Label `sub@fig:sfig2' multiply defined.


LaTeX Warning: Label `fig:sfig1' multiply defined.


LaTeX Warning: Label `sub@fig:sfig1' multiply defined.


LaTeX Warning: Label `fig:sfig2' multiply defined.


LaTeX Warning: Label `sub@fig:sfig2' multiply defined.


LaTeX Warning: Label `fig:sfig1' multiply defined.


LaTeX Warning: Label `sub@fig:sfig1' multiply defined.


LaTeX Warning: Label `fig:sfig2' multiply defined.


LaTeX Warning: Label `sub@fig:sfig2' multiply defined.


LaTeX Warning: Label `fig:sfig1' multiply defined.


LaTeX Warning: Label `sub@fig:sfig1' multiply defined.


LaTeX Warning: Label `fig:sfig2' multiply defined.


LaTeX Warning: Label `sub@fig:sfig2' multiply defined.

) (./Chapter/Conclusion.aux) (./Chapter/Acknowledgement.aux))
\openout1 = `MasterThesis.aux'.

LaTeX Font Info:    Checking defaults for OML/cmm/m/it on input line 155.
LaTeX Font Info:    ... okay on input line 155.
LaTeX Font Info:    Checking defaults for OMS/cmsy/m/n on input line 155.
LaTeX Font Info:    ... okay on input line 155.
LaTeX Font Info:    Checking defaults for OT1/cmr/m/n on input line 155.
LaTeX Font Info:    ... okay on input line 155.
LaTeX Font Info:    Checking defaults for T1/cmr/m/n on input line 155.
LaTeX Font Info:    ... okay on input line 155.
LaTeX Font Info:    Checking defaults for TS1/cmr/m/n on input line 155.
LaTeX Font Info:    ... okay on input line 155.
LaTeX Font Info:    Checking defaults for OMX/cmex/m/n on input line 155.
LaTeX Font Info:    ... okay on input line 155.
LaTeX Font Info:    Checking defaults for U/cmr/m/n on input line 155.
LaTeX Font Info:    ... okay on input line 155.
LaTeX Font Info:    Checking defaults for JY1/mc/m/n on input line 155.
LaTeX Font Info:    ... okay on input line 155.
LaTeX Font Info:    Checking defaults for JT1/mc/m/n on input line 155.
LaTeX Font Info:    ... okay on input line 155.
LaTeX Font Info:    Checking defaults for PD1/pdf/m/n on input line 155.
LaTeX Font Info:    ... okay on input line 155.
LaTeX Font Info:    Checking defaults for PU/pdf/m/n on input line 155.
LaTeX Font Info:    ... okay on input line 155.

*geometry* driver: auto-detecting
*geometry* detected driver: dvips
*geometry* verbose mode - [ preamble ] result:
* driver: dvips
* paper: <default>
* layout: <same size as paper>
* layoutoffset:(h,v)=(0.0pt,0.0pt)
* modes: twoside 
* h-part:(L,W,R)=(56.9055pt, 384.10918pt, 56.9055pt)
* v-part:(T,H,B)=(56.9055pt, 576.16402pt, 71.13188pt)
* \paperwidth=597.49146pt
* \paperheight=845.03174pt
* \textwidth=388.36862pt
* \textheight=592.0pt
* \oddsidemargin=-15.36449pt
* \evensidemargin=-15.36449pt
* \topmargin=-49.67532pt
* \headheight=20.0pt
* \headsep=14.31084pt
* \topskip=12.76073pt
* \footskip=0.0pt
* \marginparwidth=18.49374pt
* \marginparsep=18.49374pt
* \columnsep=18.49374pt
* \skip\footins=16.0pt plus 5.0pt minus 2.0pt
* \hoffset=12.0588pt
* \voffset=12.0588pt
* \mag=1200
* \@twocolumnfalse
* \@twosidetrue
* \@mparswitchtrue
* \@reversemarginfalse
* (1in=72.27pt=25.4mm, 1cm=28.453pt)

Package hyperref Info: Link coloring OFF on input line 155.
(/usr/local/texlive/2021/texmf-dist/tex/latex/hyperref/nameref.sty
Package: nameref 2021-04-02 v2.47 Cross-referencing by name of section

(/usr/local/texlive/2021/texmf-dist/tex/latex/refcount/refcount.sty
Package: refcount 2019/12/15 v3.6 Data extraction from label references (HO)
)
(/usr/local/texlive/2021/texmf-dist/tex/generic/gettitlestring/gettitlestring.s
ty
Package: gettitlestring 2019/12/15 v1.6 Cleanup title references (HO)
)
\c@section@level=\count307
)
LaTeX Info: Redefining \ref on input line 155.
LaTeX Info: Redefining \pageref on input line 155.
LaTeX Info: Redefining \nameref on input line 155.
 (./MasterThesis.out) (./MasterThesis.out)
\@outlinefile=\write4
\openout4 = `MasterThesis.out'.

Package caption Info: Begin \AtBeginDocument code.
Package caption Info: End \AtBeginDocument code.

(/usr/local/texlive/2021/texmf-dist/tex/latex/siunitx/siunitx-abbreviations.cfg
File: siunitx-abbreviations.cfg 2017/11/26 v2.7k siunitx: Abbreviated units
)
(/usr/local/texlive/2021/texmf-dist/tex/latex/translator/translator-basic-dicti
onary-English.dict
Dictionary: translator-basic-dictionary, Language: English 
)
LaTeX Font Info:    Font shape `JY1/mc/m/n' will be
(Font)              scaled to size 6.72699pt on input line 155.
LaTeX Font Info:    Font shape `JY1/mc/m/n' will be
(Font)              scaled to size 4.805pt on input line 155.
LaTeX Font Info:    Trying to load font information for U+msa on input line 155
.

(/usr/local/texlive/2021/texmf-dist/tex/latex/amsfonts/umsa.fd
File: umsa.fd 2013/01/14 v3.01 AMS symbols A
)
LaTeX Font Info:    Trying to load font information for U+msb on input line 155
.

(/usr/local/texlive/2021/texmf-dist/tex/latex/amsfonts/umsb.fd
File: umsb.fd 2013/01/14 v3.01 AMS symbols B
)
LaTeX Font Info:    Font shape `JT1/mc/m/n' will be
(Font)              scaled to size 13.83836pt on input line 161.
LaTeX Font Info:    Font shape `JY1/mc/m/n' will be
(Font)              scaled to size 13.83836pt on input line 161.
LaTeX Font Info:    Font shape `JT1/mc/m/n' will be
(Font)              scaled to size 11.53198pt on input line 161.
LaTeX Font Info:    Font shape `JY1/mc/m/n' will be
(Font)              scaled to size 11.53198pt on input line 161.
File: ./Figure/Introduction/KyushuUniversityLogo.eps Graphic file (type eps)
<./Figure/Introduction/KyushuUniversityLogo.eps>
 [1


] [2]
\openout2 = `Chapter/Abstract.aux'.


(./Chapter/Abstract.tex
LaTeX Font Info:    Font shape `JT1/mc/m/n' will be
(Font)              scaled to size 19.9311pt on input line 7.
LaTeX Font Info:    Font shape `JY1/mc/m/n' will be
(Font)              scaled to size 19.9311pt on input line 7.
)
LaTeX Font Info:    Font shape `JT1/mc/bx/n' in size <10> not available
(Font)              Font shape `JT1/gt/m/n' tried instead on input line 167.
LaTeX Font Info:    Font shape `JT1/gt/m/n' will be
(Font)              scaled to size 9.60999pt on input line 167.
LaTeX Font Info:    Font shape `JY1/mc/bx/n' in size <10> not available
(Font)              Font shape `JY1/gt/m/n' tried instead on input line 167.
LaTeX Font Info:    Font shape `JY1/gt/m/n' will be
(Font)              scaled to size 9.60999pt on input line 167.
 [3

] [4


]
LaTeX Font Info:    Font shape `JT1/mc/m/n' will be
(Font)              scaled to size 23.90964pt on input line 174.
LaTeX Font Info:    Font shape `JY1/mc/m/n' will be
(Font)              scaled to size 23.90964pt on input line 174.
LaTeX Font Info:    Font shape `JT1/mc/bx/n' in size <24.88> not available
(Font)              Font shape `JT1/gt/m/n' tried instead on input line 174.
LaTeX Font Info:    Font shape `JT1/gt/m/n' will be
(Font)              scaled to size 23.90964pt on input line 174.
LaTeX Font Info:    Font shape `JY1/mc/bx/n' in size <24.88> not available
(Font)              Font shape `JY1/gt/m/n' tried instead on input line 174.
LaTeX Font Info:    Font shape `JY1/gt/m/n' will be
(Font)              scaled to size 23.90964pt on input line 174.
 (./MasterThesis.toc [5

])
\tf@toc=\write5
\openout5 = `MasterThesis.toc'.

 [6]
(./MasterThesis.lof
LaTeX Font Info:    Font shape `JT1/mc/m/n' will be
(Font)              scaled to size 6.72699pt on input line 26.
LaTeX Font Info:    Font shape `JT1/mc/m/n' will be
(Font)              scaled to size 4.805pt on input line 26.
 [7

])
\tf@lof=\write6
\openout6 = `MasterThesis.lof'.

 [8] (./MasterThesis.lot)
\tf@lot=\write7
\openout7 = `MasterThesis.lot'.

 [9

]
\openout2 = `Chapter/Introduction.aux'.


(./Chapter/Introduction.tex
第1章
LaTeX Font Info:    Font shape `JT1/mc/bx/n' in size <20.74> not available
(Font)              Font shape `JT1/gt/m/n' tried instead on input line 3.
LaTeX Font Info:    Font shape `JT1/gt/m/n' will be
(Font)              scaled to size 19.9311pt on input line 3.
LaTeX Font Info:    Font shape `JY1/mc/bx/n' in size <20.74> not available
(Font)              Font shape `JY1/gt/m/n' tried instead on input line 3.
LaTeX Font Info:    Font shape `JY1/gt/m/n' will be
(Font)              scaled to size 19.9311pt on input line 3.
LaTeX Font Info:    Font shape `JT1/mc/bx/n' in size <14.4> not available
(Font)              Font shape `JT1/gt/m/n' tried instead on input line 9.
LaTeX Font Info:    Font shape `JT1/gt/m/n' will be
(Font)              scaled to size 13.83836pt on input line 9.
LaTeX Font Info:    Font shape `JY1/mc/bx/n' in size <14.4> not available
(Font)              Font shape `JY1/gt/m/n' tried instead on input line 9.
LaTeX Font Info:    Font shape `JY1/gt/m/n' will be
(Font)              scaled to size 13.83836pt on input line 9.
[10


]
File: ./Figure/Introduction/image_01.jpeg Graphic file (type bmp)
<./Figure/Introduction/image_01.jpeg>
 [11]
LaTeX Font Info:    Font shape `JT1/mc/bx/n' in size <12> not available
(Font)              Font shape `JT1/gt/m/n' tried instead on input line 32.
LaTeX Font Info:    Font shape `JT1/gt/m/n' will be
(Font)              scaled to size 11.53198pt on input line 32.
LaTeX Font Info:    Font shape `JY1/mc/bx/n' in size <12> not available
(Font)              Font shape `JY1/gt/m/n' tried instead on input line 32.
LaTeX Font Info:    Font shape `JY1/gt/m/n' will be
(Font)              scaled to size 11.53198pt on input line 32.
 Excluding 'comment' comment.
File: ./Figure/Introduction/eeZZH.png Graphic file (type bmp)
<./Figure/Introduction/eeZZH.png>
 [12] Excluding 'comment' comment.
[13]
LaTeX Font Info:    Font shape `JY1/mc/m/n' will be
(Font)              scaled to size 5.76599pt on input line 153.
LaTeX Font Info:    Font shape `JT1/mc/m/n' will be
(Font)              scaled to size 5.76599pt on input line 153.
 [14]
File: ./Figure/Introduction/ALP_int.png Graphic file (type bmp)
<./Figure/Introduction/ALP_int.png>
 Excluding 'comment' comment. [15] Excluding 'comment' comment.
File: ./Figure/Introduction/image_02.jpg Graphic file (type bmp)
<./Figure/Introduction/image_02.jpg>

[16]
File: ./Figure/Introduction/cavity.png Graphic file (type bmp)
<./Figure/Introduction/cavity.png>
 Excluding 'comment' comment. [17] Excluding 'comment' comment. [18]
File: ./Figure/Introduction/ALP_world.png Graphic file (type bmp)
<./Figure/Introduction/ALP_world.png>

[19]) [20]
\openout2 = `Chapter/EcalDetector.aux'.

 (./Chapter/EcalDetector.tex
第2章
[21




]
File: ./Figure/EcalDetector/Bethe.png Graphic file (type bmp)
<./Figure/EcalDetector/Bethe.png>
 [22] [23]
File: ./Figure/EcalDetector/PhotonInteract.png Graphic file (type bmp)
<./Figure/EcalDetector/PhotonInteract.png>
 [24] [25] Excluding 'comment' comment. [26]
Excluding 'comment' comment. [27]
File: ./Figure/EcalDetector/PbO.png Graphic file (type bmp)
<./Figure/EcalDetector/PbO.png>
 [28]
File: ./Figure/EcalDetector/ILD_det_3D.png Graphic file (type bmp)
<./Figure/EcalDetector/ILD_det_3D.png>
 [29]
File: ./Figure/EcalDetector/ECAL_layer.png Graphic file (type bmp)
<./Figure/EcalDetector/ECAL_layer.png>
 [30]
File: ./Figure/EcalDetector/ECAL_board.png Graphic file (type bmp)
<./Figure/EcalDetector/ECAL_board.png>
 [31]
File: ./Figure/EcalDetector/PFA_ILC.png Graphic file (type bmp)
<./Figure/EcalDetector/PFA_ILC.png>
 [32]
Excluding 'comment' comment. [33]
File: ./Figure/EcalDetector/PandoraPFA_2.png Graphic file (type bmp)
<./Figure/EcalDetector/PandoraPFA_2.png>
 [34]
File: ./Figure/EcalDetector/PFA_per.png Graphic file (type bmp)
<./Figure/EcalDetector/PFA_per.png>
) [35]
\openout2 = `Chapter/DeepLearning.aux'.

 (./Chapter/DeepLearning.tex
第3章
File: ./Figure/DeepLearning/dl.jpeg Graphic file (type bmp)
<./Figure/DeepLearning/dl.jpeg>

LaTeX Warning: `h' float specifier changed to `ht'.

[36




] Excluding 'comment' comment.
File: ./Figure/DeepLearning/Output.jpeg Graphic file (type bmp)
<./Figure/DeepLearning/Output.jpeg>
 [37] [38] [39] [40]
Excluding 'comment' comment.
File: ./Figure/DeepLearning/BackProp.png Graphic file (type bmp)
<./Figure/DeepLearning/BackProp.png>
File: ./Figure/DeepLearning/BackProp_back.png Graphic file (type bmp)
<./Figure/DeepLearning/BackProp_back.png>
 [41] [42] Excluding 'comment' comment.
Excluding 'comment' comment. Excluding 'comment' comment.) [43]
\openout2 = `Chapter/DLAnalysis.aux'.


(./Chapter/DLAnalysis.tex
第4章
File: ./Figure/DLAnalysis/GravArc.png Graphic file (type bmp)
<./Figure/DLAnalysis/GravArc.png>
[44




] [45]
File: ./Figure/DLAnalysis/oc.png Graphic file (type bmp)
<./Figure/DLAnalysis/oc.png>
 [46] [47] Excluding 'comment' comment. [48]
File: ./Figure/DLAnalysis/Double1.png Graphic file (type bmp)
<./Figure/DLAnalysis/Double1.png>

Overfull \hbox (5.81569pt too wide) in paragraph at lines 256--257
 [] 
 []

LaTeX Font Info:    Font shape `JT1/mc/m/n' will be
(Font)              scaled to size 8.64899pt on input line 257.
LaTeX Font Info:    Font shape `JY1/mc/m/n' will be
(Font)              scaled to size 8.64899pt on input line 257.
File: ./Figure/DLAnalysis/Double5.png Graphic file (type bmp)
<./Figure/DLAnalysis/Double5.png>

Overfull \hbox (5.81569pt too wide) in paragraph at lines 263--264
 [] 
 []


Overfull \hbox (2.22221pt too wide) in paragraph at lines 254--268
[][]$[]$[] []$[]$[] 
 []

[49]
File: ./Figure/DLAnalysis/Double5_1.png Graphic file (type bmp)
<./Figure/DLAnalysis/Double5_1.png>

Overfull \hbox (5.81569pt too wide) in paragraph at lines 295--296
 [] 
 []

File: ./Figure/DLAnalysis/Double5_2.png Graphic file (type bmp)
<./Figure/DLAnalysis/Double5_2.png>

Overfull \hbox (5.81569pt too wide) in paragraph at lines 302--303
 [] 
 []


Overfull \hbox (2.22221pt too wide) in paragraph at lines 293--307
[][]$[]$[] []$[]$[] 
 []

File: ./Figure/DLAnalysis/Double1_2.png Graphic file (type bmp)
<./Figure/DLAnalysis/Double1_2.png>

Overfull \hbox (5.81569pt too wide) in paragraph at lines 315--316
 [] 
 []

File: ./Figure/DLAnalysis/Double1_1.png Graphic file (type bmp)
<./Figure/DLAnalysis/Double1_1.png>

Overfull \hbox (5.81569pt too wide) in paragraph at lines 322--323
 [] 
 []


Overfull \hbox (2.22221pt too wide) in paragraph at lines 313--327
[][]$[]$[] []$[]$[] 
 []

[50]
File: ./Figure/DLAnalysis/rate_pred_1.png Graphic file (type bmp)
<./Figure/DLAnalysis/rate_pred_1.png>

Overfull \hbox (5.81569pt too wide) in paragraph at lines 343--344
 [] 
 []

File: ./Figure/DLAnalysis/rate_pred_2.png Graphic file (type bmp)
<./Figure/DLAnalysis/rate_pred_2.png>

Overfull \hbox (5.81569pt too wide) in paragraph at lines 350--351
 [] 
 []

File: ./Figure/DLAnalysis/rate_pred_3.png Graphic file (type bmp)
<./Figure/DLAnalysis/rate_pred_3.png>

Overfull \hbox (5.81569pt too wide) in paragraph at lines 357--358
 [] 
 []

File: ./Figure/DLAnalysis/rate_pred_4.png Graphic file (type bmp)
<./Figure/DLAnalysis/rate_pred_4.png>

Overfull \hbox (5.81569pt too wide) in paragraph at lines 364--365
 [] 
 []

File: ./Figure/DLAnalysis/rate_pred_5.png Graphic file (type bmp)
<./Figure/DLAnalysis/rate_pred_5.png>

Overfull \hbox (5.81569pt too wide) in paragraph at lines 371--372
 [] 
 []


Overfull \hbox (2.22221pt too wide) in paragraph at lines 341--376
[][]$[]$[] []$[]$[]
 []


Overfull \hbox (2.22221pt too wide) in paragraph at lines 341--376
[]$[]$[] []$[]$[]
 []

[51] Excluding 'comment' comment. [52]) [53]
\openout2 = `Chapter/EBES.aux'.

 (./Chapter/EBES.tex
第5章
Excluding 'comment' comment.
File: ./Figure/EBES/SY3.png Graphic file (type bmp)
<./Figure/EBES/SY3.png>
 [54




]
File: ./Figure/EBES/EBES_1.png Graphic file (type bmp)
<./Figure/EBES/EBES_1.png>
File: ./Figure/EBES/EBES_2.png Graphic file (type bmp)
<./Figure/EBES/EBES_2.png>
 [55]
File: ./Figure/EBES/EBES_det.pdf Graphic file (type pdf)
<./Figure/EBES/EBES_det.pdf>
File: ./Figure/EBES/EBES_beam1.png Graphic file (type bmp)
<./Figure/EBES/EBES_beam1.png>

Overfull \hbox (11.63138pt too wide) in paragraph at lines 85--87
[][] 
 []

[56]
File: ./Figure/EBES/EBES_beam2.png Graphic file (type bmp)
<./Figure/EBES/EBES_beam2.png>

Overfull \hbox (11.63138pt too wide) in paragraph at lines 93--95
[][] 
 []

[57]
File: ./Figure/EBES/BPB_dep1.pdf Graphic file (type pdf)
<./Figure/EBES/BPB_dep1.pdf>
File: ./Figure/EBES/BPB_dep2.pdf Graphic file (type pdf)
<./Figure/EBES/BPB_dep2.pdf>
 [58]
File: ./Figure/EBES/BPB_dep3.pdf Graphic file (type pdf)
<./Figure/EBES/BPB_dep3.pdf>
 [59]
File: ./Figure/EBES/BPB_dep4.pdf Graphic file (type pdf)
<./Figure/EBES/BPB_dep4.pdf>
 [60]
File: ./Figure/EBES/BPB_dep5.pdf Graphic file (type pdf)
<./Figure/EBES/BPB_dep5.pdf>
 [61] Excluding 'comment' comment.
File: ./Figure/EBES/Background_cause1.png Graphic file (type bmp)
<./Figure/EBES/Background_cause1.png>
File: ./Figure/EBES/Background_cause2.png Graphic file (type bmp)
<./Figure/EBES/Background_cause2.png>

Underfull \hbox (badness 10000) in paragraph at lines 186--197
[][]$[]$[]
 []

[62]
File: ./Figure/EBES/background_ADC.png Graphic file (type bmp)
<./Figure/EBES/background_ADC.png>
 Excluding 'comment' comment. Excluding 'comment' comment.) [63]
\openout2 = `Chapter/EBESAnalysis.aux'.


(./Chapter/EBESAnalysis.tex
第6章
File: ./Figure/EBESAnalysis/PFAR.png Graphic file (type bmp)
<./Figure/EBESAnalysis/PFAR.png>

LaTeX Warning: `h' float specifier changed to `ht'.

File: ./Figure/EBESAnalysis/CalibSetup.png Graphic file (type bmp)
<./Figure/EBESAnalysis/CalibSetup.png>
[64




]
File: ./Figure/EBESAnalysis/NIM.png Graphic file (type bmp)
<./Figure/EBESAnalysis/NIM.png>
 [65]
File: ./Figure/EBESAnalysis/trg_rate_reduce.pdf Graphic file (type pdf)
<./Figure/EBESAnalysis/trg_rate_reduce.pdf>
 [66]
File: ./Figure/EBESAnalysis/Pedestal.pdf Graphic file (type pdf)
<./Figure/EBESAnalysis/Pedestal.pdf>
 [67]
File: ./Figure/EBESAnalysis/TrgSelection.pdf Graphic file (type pdf)
<./Figure/EBESAnalysis/TrgSelection.pdf>
File: ./Figure/EBESAnalysis/CorrectBeam.pdf Graphic file (type pdf)
<./Figure/EBESAnalysis/CorrectBeam.pdf>
 [68]
File: ./Figure/EBESAnalysis/calib.pdf Graphic file (type pdf)
<./Figure/EBESAnalysis/calib.pdf>
 [69]
File: ./Figure/EBESAnalysis/calibration_slope_fix.pdf Graphic file (type pdf)
<./Figure/EBESAnalysis/calibration_slope_fix.pdf>

Overfull \hbox (5.81569pt too wide) in paragraph at lines 101--102
 [] 
 []

File: ./Figure/EBESAnalysis/calibration_intercept.pdf Graphic file (type pdf)
<./Figure/EBESAnalysis/calibration_intercept.pdf>

Overfull \hbox (5.81569pt too wide) in paragraph at lines 108--109
 [] 
 []


Overfull \hbox (2.22221pt too wide) in paragraph at lines 99--113
[][]$[]$[] []$[]$[] 
 []

[70]
File: ./Figure/EBESAnalysis/calibration_intercept_x.pdf Graphic file (type pdf)

<./Figure/EBESAnalysis/calibration_intercept_x.pdf>
 [71]
File: ./Figure/EBESAnalysis/calibration_re.pdf Graphic file (type pdf)
<./Figure/EBESAnalysis/calibration_re.pdf>


LaTeX Warning: `h' float specifier changed to `ht'.

Excluding 'comment' comment. [72]
File: ./Figure/EBESAnalysis/res_re.pdf Graphic file (type pdf)
<./Figure/EBESAnalysis/res_re.pdf>


LaTeX Warning: `h' float specifier changed to `ht'.

[73]
File: ./Figure/EBESAnalysis/res_re_twopara.pdf Graphic file (type pdf)
<./Figure/EBESAnalysis/res_re_twopara.pdf>

Overfull \hbox (5.81569pt too wide) in paragraph at lines 238--239
 [] 
 []

File: ./Figure/EBESAnalysis/res_onepara.pdf Graphic file (type pdf)
<./Figure/EBESAnalysis/res_onepara.pdf>

Overfull \hbox (5.81569pt too wide) in paragraph at lines 245--246
 [] 
 []


Overfull \hbox (2.22221pt too wide) in paragraph at lines 236--250
[][]$[]$[] []$[]$[] 
 []

File: ./Figure/EBESAnalysis/res_re_twopara_without_low.pdf Graphic file (type p
df)
<./Figure/EBESAnalysis/res_re_twopara_without_low.pdf>

Overfull \hbox (5.81569pt too wide) in paragraph at lines 257--258
 [] 
 []

File: ./Figure/EBESAnalysis/res_re_threepara_without_low.pdf Graphic file (type
 pdf)
<./Figure/EBESAnalysis/res_re_threepara_without_low.pdf>

Overfull \hbox (5.81569pt too wide) in paragraph at lines 264--265
 [] 
 []


Overfull \hbox (2.22221pt too wide) in paragraph at lines 255--269
[][]$[]$[] []$[]$[] 
 []

[74]
File: ./Figure/EBESAnalysis/res_re_twopara_fixbeam.pdf Graphic file (type pdf)
<./Figure/EBESAnalysis/res_re_twopara_fixbeam.pdf>

Overfull \hbox (5.81569pt too wide) in paragraph at lines 280--281
 [] 
 []

File: ./Figure/EBESAnalysis/res_re_threepara_fixbeam.pdf Graphic file (type pdf
)
<./Figure/EBESAnalysis/res_re_threepara_fixbeam.pdf>

Overfull \hbox (5.81569pt too wide) in paragraph at lines 287--288
 [] 
 []


Overfull \hbox (2.22221pt too wide) in paragraph at lines 278--292
[][]$[]$[] []$[]$[] 
 []

[75]
File: ./Figure/EBESAnalysis/TRISTAN.png Graphic file (type bmp)
<./Figure/EBESAnalysis/TRISTAN.png>
 [76]
File: ./Figure/EBESAnalysis/HVscan.pdf Graphic file (type pdf)
<./Figure/EBESAnalysis/HVscan.pdf>
 [77]
File: ./Figure/EBESAnalysis/extra.pdf Graphic file (type pdf)
<./Figure/EBESAnalysis/extra.pdf>
 [78]
File: ./Figure/EBESAnalysis/ADC_energy.pdf Graphic file (type pdf)
<./Figure/EBESAnalysis/ADC_energy.pdf>
 [79] Excluding 'comment' comment.) [80]
\openout2 = `Chapter/Conclusion.aux'.


(./Chapter/Conclusion.tex
第7章
[81




]) [82]
\openout2 = `Chapter/Acknowledgement.aux'.

 (./Chapter/Acknowledgement.tex [83





]) [84] (./MasterThesis.bbl
LaTeX Font Info:    Font shape `JT1/gt/m/it' in size <10> not available
(Font)              Font shape `JT1/gt/m/n' tried instead on input line 8.
LaTeX Font Info:    Font shape `JT1/gt/m/n' will be
(Font)              scaled to size 9.60999pt on input line 8.
LaTeX Font Info:    Font shape `JY1/gt/m/it' in size <10> not available
(Font)              Font shape `JY1/gt/m/n' tried instead on input line 8.
LaTeX Font Info:    Font shape `JY1/gt/m/n' will be
(Font)              scaled to size 9.60999pt on input line 8.

[85



]) [86] (./MasterThesis.aux (./Chapter/Abstract.aux)
(./Chapter/Introduction.aux) (./Chapter/EcalDetector.aux)
(./Chapter/DeepLearning.aux) (./Chapter/DLAnalysis.aux) (./Chapter/EBES.aux)
(./Chapter/EBESAnalysis.aux) (./Chapter/Conclusion.aux)
(./Chapter/Acknowledgement.aux))

LaTeX Warning: There were multiply-defined labels.

Package rerunfilecheck Info: File `MasterThesis.out' has not changed.
(rerunfilecheck)             Checksum: 3C59A411B99262180ED8D54C50150D73;4064.
 ) 
Here is how much of TeX's memory you used:
 13841 strings out of 479466
 245649 string characters out of 5870549
 548717 words of memory out of 5000000
 31182 multiletter control sequences out of 15000+600000
 426795 words of font info for 133 fonts, out of 8000000 for 9000
 934 hyphenation exceptions out of 8191
 71i,16n,77p,2474b,1208s stack positions out of 5000i,500n,10000p,200000b,80000s

Output written on MasterThesis.dvi (86 pages, 292568 bytes).
