\BOOKMARK [0][]{chapter.1}{序論}{}% 1
\BOOKMARK [1][]{section.1.1}{標準理論}{chapter.1}% 2
\BOOKMARK [1][]{section.1.2}{Beyond the Standard Modelの探索}{chapter.1}% 3
\BOOKMARK [2][]{subsection.1.2.1}{Higgsボソンの精密測定}{section.1.2}% 4
\BOOKMARK [2][]{subsection.1.2.2}{超対称性}{section.1.2}% 5
\BOOKMARK [2][]{subsection.1.2.3}{Axion/ALPs}{section.1.2}% 6
\BOOKMARK [1][]{section.1.3}{新物理探索におけるカロリメータの役割}{chapter.1}% 7
\BOOKMARK [1][]{section.1.4}{ILC計画}{chapter.1}% 8
\BOOKMARK [1][]{section.1.5}{ILC検出器}{chapter.1}% 9
\BOOKMARK [1][]{section.1.6}{EBES実験}{chapter.1}% 10
\BOOKMARK [1][]{section.1.7}{本研究の目的}{chapter.1}% 11
\BOOKMARK [1][]{section.1.8}{本論文の流れ}{chapter.1}% 12
\BOOKMARK [0][]{chapter.2}{カロリメトリー技術}{}% 13
\BOOKMARK [1][]{section.2.1}{カロリメトリーに関する物理現象}{chapter.2}% 14
\BOOKMARK [2][]{subsection.2.1.1}{荷電粒子と物質の相互作用}{section.2.1}% 15
\BOOKMARK [2][]{subsection.2.1.2}{光子と物質の相互作用}{section.2.1}% 16
\BOOKMARK [2][]{subsection.2.1.3}{制動放射}{section.2.1}% 17
\BOOKMARK [2][]{subsection.2.1.4}{チェレンコフ光}{section.2.1}% 18
\BOOKMARK [2][]{subsection.2.1.5}{電磁シャワーおよびハドロンシャワー}{section.2.1}% 19
\BOOKMARK [1][]{section.2.2}{カロリメータ技術}{chapter.2}% 20
\BOOKMARK [2][]{subsection.2.2.1}{全吸収型カロリメータ}{section.2.2}% 21
\BOOKMARK [2][]{subsection.2.2.2}{鉛ガラス検出器}{section.2.2}% 22
\BOOKMARK [2][]{subsection.2.2.3}{サンプリング型カロリメータ}{section.2.2}% 23
\BOOKMARK [2][]{subsection.2.2.4}{SiW電磁カロリメータ}{section.2.2}% 24
\BOOKMARK [1][]{section.2.3}{カロリメトリーにおけるPFAの利用}{chapter.2}% 25
\BOOKMARK [2][]{subsection.2.3.1}{PFA}{section.2.3}% 26
\BOOKMARK [2][]{subsection.2.3.2}{PandoraPFA}{section.2.3}% 27
\BOOKMARK [0][]{chapter.3}{深層学習の概観}{}% 28
\BOOKMARK [1][]{section.3.1}{深層学習}{chapter.3}% 29
\BOOKMARK [1][]{section.3.2}{Graph Neural Network}{chapter.3}% 30
\BOOKMARK [1][]{section.3.3}{ニューラルネットワークの実装}{chapter.3}% 31
\BOOKMARK [0][]{chapter.4}{グラフニューラルネットワークによるクラスタリング解析}{}% 32
\BOOKMARK [1][]{section.4.1}{深層学習アーキテクチャ}{chapter.4}% 33
\BOOKMARK [1][]{section.4.2}{GravNet}{chapter.4}% 34
\BOOKMARK [1][]{section.4.3}{Object Condensation}{chapter.4}% 35
\BOOKMARK [1][]{section.4.4}{ILCの検出器シミュレーションデータを用いたカロリメトリー}{chapter.4}% 36
\BOOKMARK [2][]{subsection.4.4.1}{入力データ}{section.4.4}% 37
\BOOKMARK [2][]{subsection.4.4.2}{ネットワークの評価}{section.4.4}% 38
\BOOKMARK [0][]{chapter.5}{EBES実験におけるバックグラウンド測定}{}% 39
\BOOKMARK [1][]{section.5.1}{KEK Linac}{chapter.5}% 40
\BOOKMARK [1][]{section.5.2}{実験セットアップ}{chapter.5}% 41
\BOOKMARK [1][]{section.5.3}{バックグラウンド測定}{chapter.5}% 42
\BOOKMARK [2][]{subsection.5.3.1}{バックグラウンド測定のためのセットアップ}{section.5.3}% 43
\BOOKMARK [2][]{subsection.5.3.2}{結果}{section.5.3}% 44
\BOOKMARK [0][]{chapter.6}{EBES実験のための鉛ガラス検出器性能測定}{}% 45
\BOOKMARK [1][]{section.6.1}{KEK PF/AR 測定器開発テストビームライン}{chapter.6}% 46
\BOOKMARK [1][]{section.6.2}{実験セットアップ}{chapter.6}% 47
\BOOKMARK [1][]{section.6.3}{データに対する補正}{chapter.6}% 48
\BOOKMARK [1][]{section.6.4}{エネルギー較正}{chapter.6}% 49
\BOOKMARK [1][]{section.6.5}{エネルギー分解能測定}{chapter.6}% 50
\BOOKMARK [1][]{section.6.6}{HVを変えた際の検出器応答の変化}{chapter.6}% 51
\BOOKMARK [0][]{chapter.7}{まとめおよび今後の展望}{}% 52
\BOOKMARK [1][]{section.7.1}{まとめ}{chapter.7}% 53
\BOOKMARK [1][]{section.7.2}{今後の展望}{chapter.7}% 54
\BOOKMARK [0][]{chapter*.68}{参考文献}{}% 55
